2020-06-11T15:14:14.538329+09:00 0 [Warning] [MY-011070] [Server] 'Disabling symbolic links using --skip-symbolic-links (or equivalent) is the default. Consider not using this option as it' is deprecated and will be removed in a future release.
2020-06-11T15:14:14.538715+09:00 0 [System] [MY-013169] [Server] /usr/sbin/mysqld (mysqld 8.0.20) initializing of server in progress as process 43
2020-06-11T15:14:14.556926+09:00 1 [System] [MY-013576] [InnoDB] InnoDB initialization has started.
2020-06-11T15:14:15.506488+09:00 1 [System] [MY-013577] [InnoDB] InnoDB initialization has ended.
2020-06-11T15:14:17.273677+09:00 6 [Warning] [MY-010453] [Server] root@localhost is created with an empty password ! Please consider switching off the --initialize-insecure option.
2020-06-11T15:14:27.860328+09:00 0 [Warning] [MY-011070] [Server] 'Disabling symbolic links using --skip-symbolic-links (or equivalent) is the default. Consider not using this option as it' is deprecated and will be removed in a future release.
2020-06-11T15:14:27.860601+09:00 0 [System] [MY-010116] [Server] /usr/sbin/mysqld (mysqld 8.0.20) starting as process 90
2020-06-11T15:14:27.884988+09:00 1 [System] [MY-013576] [InnoDB] InnoDB initialization has started.
2020-06-11T15:14:28.198838+09:00 1 [System] [MY-013577] [InnoDB] InnoDB initialization has ended.
2020-06-11T15:14:28.308191+09:00 0 [System] [MY-011323] [Server] X Plugin ready for connections. Socket: '/var/run/mysqld/mysqlx.sock'
2020-06-11T15:14:28.459721+09:00 0 [Warning] [MY-010068] [Server] CA certificate ca.pem is self signed.
2020-06-11T15:14:28.462027+09:00 0 [Warning] [MY-011810] [Server] Insecure configuration for --pid-file: Location '/var/run/mysqld' in the path is accessible to all OS users. Consider choosing a different directory.
2020-06-11T15:14:28.484495+09:00 0 [System] [MY-010931] [Server] /usr/sbin/mysqld: ready for connections. Version: '8.0.20'  socket: '/var/run/mysqld/mysqld.sock'  port: 0  MySQL Community Server - GPL.
2020-06-11T15:14:38.662498+09:00 14 [System] [MY-013172] [Server] Received SHUTDOWN from user root. Shutting down mysqld (Version: 8.0.20).
2020-06-11T15:14:40.870456+09:00 0 [System] [MY-010910] [Server] /usr/sbin/mysqld: Shutdown complete (mysqld 8.0.20)  MySQL Community Server - GPL.
2020-06-11T15:14:41.941723+09:00 0 [Warning] [MY-011070] [Server] 'Disabling symbolic links using --skip-symbolic-links (or equivalent) is the default. Consider not using this option as it' is deprecated and will be removed in a future release.
2020-06-11T15:14:41.941942+09:00 0 [System] [MY-010116] [Server] /usr/sbin/mysqld (mysqld 8.0.20) starting as process 1
2020-06-11T15:14:41.956666+09:00 1 [System] [MY-013576] [InnoDB] InnoDB initialization has started.
2020-06-11T15:14:42.200235+09:00 1 [System] [MY-013577] [InnoDB] InnoDB initialization has ended.
2020-06-11T15:14:42.311271+09:00 0 [System] [MY-011323] [Server] X Plugin ready for connections. Socket: '/var/run/mysqld/mysqlx.sock' bind-address: '::' port: 33060
2020-06-11T15:14:42.403368+09:00 0 [Warning] [MY-010068] [Server] CA certificate ca.pem is self signed.
2020-06-11T15:14:42.409614+09:00 0 [Warning] [MY-011810] [Server] Insecure configuration for --pid-file: Location '/var/run/mysqld' in the path is accessible to all OS users. Consider choosing a different directory.
2020-06-11T15:14:42.435614+09:00 0 [System] [MY-010931] [Server] /usr/sbin/mysqld: ready for connections. Version: '8.0.20'  socket: '/var/run/mysqld/mysqld.sock'  port: 3306  MySQL Community Server - GPL.
